<?xml version="1.0" encoding="UTF-8"?>
<testng-results ignored="0" total="2" passed="2" failed="0" skipped="0">
  <reporter-output>
  </reporter-output>
  <suite started-at="2026-05-20T08:12:41 IST" name="DemoWebShop Suite" finished-at="2026-05-20T08:12:56 IST" duration-ms="14211">
    <groups>
    </groups>
    <test started-at="2026-05-20T08:12:41 IST" name="Test Cases" finished-at="2026-05-20T08:12:56 IST" duration-ms="14211">
      <class name="tests.LoginTest">
        <test-method is-config="true" signature="setup()[pri:0, instance:tests.LoginTest@40005471]" started-at="2026-05-20T08:12:49 IST" name="setup" finished-at="2026-05-20T08:12:54 IST" duration-ms="5344" status="PASS">
          <reporter-output>
          </reporter-output>
        </test-method> <!-- setup -->
        <test-method signature="verifyLogin()[pri:0, instance:tests.LoginTest@40005471]" started-at="2026-05-20T08:12:54 IST" name="verifyLogin" finished-at="2026-05-20T08:12:55 IST" duration-ms="1160" status="PASS">
          <reporter-output>
          </reporter-output>
        </test-method> <!-- verifyLogin -->
        <test-method is-config="true" signature="tearDown()[pri:0, instance:tests.LoginTest@40005471]" started-at="2026-05-20T08:12:55 IST" name="tearDown" finished-at="2026-05-20T08:12:56 IST" duration-ms="245" status="PASS">
          <reporter-output>
          </reporter-output>
        </test-method> <!-- tearDown -->
      </class> <!-- tests.LoginTest -->
      <class name="tests.HomeTest">
        <test-method is-config="true" signature="setup()[pri:0, instance:tests.HomeTest@54d9d12d]" started-at="2026-05-20T08:12:42 IST" name="setup" finished-at="2026-05-20T08:12:48 IST" duration-ms="6177" status="PASS">
          <reporter-output>
          </reporter-output>
        </test-method> <!-- setup -->
        <test-method signature="VerifyRatingButton()[pri:0, instance:tests.HomeTest@54d9d12d]" started-at="2026-05-20T08:12:48 IST" name="VerifyRatingButton" finished-at="2026-05-20T08:12:49 IST" duration-ms="933" status="PASS">
          <reporter-output>
          </reporter-output>
        </test-method> <!-- VerifyRatingButton -->
        <test-method is-config="true" signature="tearDown()[pri:0, instance:tests.HomeTest@54d9d12d]" started-at="2026-05-20T08:12:49 IST" name="tearDown" finished-at="2026-05-20T08:12:49 IST" duration-ms="316" status="PASS">
          <reporter-output>
          </reporter-output>
        </test-method> <!-- tearDown -->
      </class> <!-- tests.HomeTest -->
    </test> <!-- Test Cases -->
  </suite> <!-- DemoWebShop Suite -->
</testng-results>
