<?xml version="1.0" encoding="UTF-8"?>
<testng-results ignored="0" total="1" passed="1" failed="0" skipped="0">
  <reporter-output>
  </reporter-output>
  <suite started-at="2026-05-19T10:39:42 IST" name="DemoWebShop Suite" finished-at="2026-05-19T10:39:54 IST" duration-ms="11173">
    <groups>
    </groups>
    <test started-at="2026-05-19T10:39:42 IST" name="Test Cases" finished-at="2026-05-19T10:39:54 IST" duration-ms="11173">
      <class name="tests.LoginTest">
        <test-method is-config="true" signature="setup()[pri:0, instance:tests.LoginTest@34e9fd99]" started-at="2026-05-19T10:39:42 IST" name="setup" finished-at="2026-05-19T10:39:51 IST" duration-ms="8283" status="PASS">
          <reporter-output>
          </reporter-output>
        </test-method> <!-- setup -->
        <test-method signature="verifyLogin()[pri:0, instance:tests.LoginTest@34e9fd99]" started-at="2026-05-19T10:39:51 IST" name="verifyLogin" finished-at="2026-05-19T10:39:53 IST" duration-ms="2095" status="PASS">
          <reporter-output>
          </reporter-output>
        </test-method> <!-- verifyLogin -->
        <test-method is-config="true" signature="tearDown()[pri:0, instance:tests.LoginTest@34e9fd99]" started-at="2026-05-19T10:39:53 IST" name="tearDown" finished-at="2026-05-19T10:39:54 IST" duration-ms="728" status="PASS">
          <reporter-output>
          </reporter-output>
        </test-method> <!-- tearDown -->
      </class> <!-- tests.LoginTest -->
    </test> <!-- Test Cases -->
  </suite> <!-- DemoWebShop Suite -->
</testng-results>
